<?xml version="1.0" encoding="UTF-8"?>
<coverage generated="1723208434027" clover="3.2.0">
  <project timestamp="1723208434027" name="All files">
    <metrics statements="99" coveredstatements="99" conditionals="12" coveredconditionals="12" methods="14" coveredmethods="14" elements="125" coveredelements="125" complexity="0" loc="99" ncloc="99" packages="5" files="9" classes="9"/>
    <package name="config">
      <metrics statements="8" coveredstatements="8" conditionals="0" coveredconditionals="0" methods="0" coveredmethods="0"/>
      <file name="database.js" path="E:\TDD\hoaxify-backend\config\database.js">
        <metrics statements="5" coveredstatements="5" conditionals="0" coveredconditionals="0" methods="0" coveredmethods="0"/>
        <line num="1" count="2" type="stmt"/>
        <line num="2" count="2" type="stmt"/>
        <line num="4" count="2" type="stmt"/>
        <line num="6" count="2" type="stmt"/>
        <line num="17" count="2" type="stmt"/>
      </file>
      <file name="emailTransporter.js" path="E:\TDD\hoaxify-backend\config\emailTransporter.js">
        <metrics statements="3" coveredstatements="3" conditionals="0" coveredconditionals="0" methods="0" coveredmethods="0"/>
        <line num="1" count="2" type="stmt"/>
        <line num="3" count="2" type="stmt"/>
        <line num="11" count="2" type="stmt"/>
      </file>
    </package>
    <package name="src">
      <metrics statements="11" coveredstatements="11" conditionals="0" coveredconditionals="0" methods="0" coveredmethods="0"/>
      <file name="app.js" path="E:\TDD\hoaxify-backend\src\app.js">
        <metrics statements="11" coveredstatements="11" conditionals="0" coveredconditionals="0" methods="0" coveredmethods="0"/>
        <line num="1" count="2" type="stmt"/>
        <line num="2" count="2" type="stmt"/>
        <line num="3" count="2" type="stmt"/>
        <line num="4" count="2" type="stmt"/>
        <line num="5" count="2" type="stmt"/>
        <line num="7" count="2" type="stmt"/>
        <line num="19" count="2" type="stmt"/>
        <line num="20" count="2" type="stmt"/>
        <line num="21" count="2" type="stmt"/>
        <line num="23" count="2" type="stmt"/>
        <line num="25" count="2" type="stmt"/>
      </file>
    </package>
    <package name="src.email">
      <metrics statements="4" coveredstatements="4" conditionals="0" coveredconditionals="0" methods="1" coveredmethods="1"/>
      <file name="emailService.js" path="E:\TDD\hoaxify-backend\src\email\emailService.js">
        <metrics statements="4" coveredstatements="4" conditionals="0" coveredconditionals="0" methods="1" coveredmethods="1"/>
        <line num="1" count="2" type="stmt"/>
        <line num="3" count="2" type="stmt"/>
        <line num="4" count="10" type="stmt"/>
        <line num="12" count="2" type="stmt"/>
      </file>
    </package>
    <package name="src.middleware">
      <metrics statements="13" coveredstatements="13" conditionals="8" coveredconditionals="8" methods="2" coveredmethods="2"/>
      <file name="Paginator.js" path="E:\TDD\hoaxify-backend\src\middleware\Paginator.js">
        <metrics statements="7" coveredstatements="7" conditionals="6" coveredconditionals="6" methods="1" coveredmethods="1"/>
        <line num="1" count="2" type="stmt"/>
        <line num="3" count="12" type="stmt"/>
        <line num="4" count="12" type="stmt"/>
        <line num="5" count="12" type="cond" truecount="2" falsecount="0"/>
        <line num="6" count="12" type="cond" truecount="4" falsecount="0"/>
        <line num="10" count="12" type="stmt"/>
        <line num="11" count="12" type="stmt"/>
      </file>
      <file name="Validator.js" path="E:\TDD\hoaxify-backend\src\middleware\Validator.js">
        <metrics statements="6" coveredstatements="6" conditionals="2" coveredconditionals="2" methods="1" coveredmethods="1"/>
        <line num="1" count="2" type="stmt"/>
        <line num="2" count="2" type="stmt"/>
        <line num="4" count="2" type="stmt"/>
        <line num="14" count="15" type="stmt"/>
        <line num="15" count="15" type="cond" truecount="2" falsecount="0"/>
        <line num="16" count="14" type="stmt"/>
      </file>
    </package>
    <package name="src.user">
      <metrics statements="63" coveredstatements="63" conditionals="4" coveredconditionals="4" methods="11" coveredmethods="11"/>
      <file name="User.js" path="E:\TDD\hoaxify-backend\src\user\User.js">
        <metrics statements="5" coveredstatements="5" conditionals="0" coveredconditionals="0" methods="0" coveredmethods="0"/>
        <line num="1" count="2" type="stmt"/>
        <line num="2" count="2" type="stmt"/>
        <line num="4" count="2" type="stmt"/>
        <line num="7" count="2" type="stmt"/>
        <line num="19" count="2" type="stmt"/>
      </file>
      <file name="UserRouter.js" path="E:\TDD\hoaxify-backend\src\user\UserRouter.js">
        <metrics statements="31" coveredstatements="31" conditionals="4" coveredconditionals="4" methods="5" coveredmethods="5"/>
        <line num="1" count="2" type="stmt"/>
        <line num="2" count="2" type="stmt"/>
        <line num="3" count="2" type="stmt"/>
        <line num="5" count="2" type="stmt"/>
        <line num="6" count="2" type="stmt"/>
        <line num="7" count="2" type="stmt"/>
        <line num="10" count="2" type="stmt"/>
        <line num="13" count="17" type="stmt"/>
        <line num="15" count="17" type="cond" truecount="2" falsecount="0"/>
        <line num="16" count="7" type="stmt"/>
        <line num="17" count="9" type="stmt"/>
        <line num="18" count="7" type="stmt"/>
        <line num="21" count="10" type="stmt"/>
        <line num="22" count="10" type="stmt"/>
        <line num="23" count="9" type="stmt"/>
        <line num="25" count="1" type="stmt"/>
        <line num="29" count="2" type="stmt"/>
        <line num="30" count="1" type="stmt"/>
        <line num="31" count="1" type="stmt"/>
        <line num="32" count="1" type="stmt"/>
        <line num="35" count="2" type="stmt"/>
        <line num="36" count="12" type="stmt"/>
        <line num="37" count="12" type="stmt"/>
        <line num="38" count="12" type="stmt"/>
        <line num="41" count="2" type="stmt"/>
        <line num="42" count="3" type="stmt"/>
        <line num="43" count="3" type="stmt"/>
        <line num="44" count="3" type="cond" truecount="2" falsecount="0"/>
        <line num="45" count="2" type="stmt"/>
        <line num="47" count="1" type="stmt"/>
        <line num="50" count="2" type="stmt"/>
      </file>
      <file name="UserService.js" path="E:\TDD\hoaxify-backend\src\user\UserService.js">
        <metrics statements="27" coveredstatements="27" conditionals="0" coveredconditionals="0" methods="6" coveredmethods="6"/>
        <line num="1" count="2" type="stmt"/>
        <line num="2" count="2" type="stmt"/>
        <line num="3" count="2" type="stmt"/>
        <line num="4" count="2" type="stmt"/>
        <line num="7" count="2" type="stmt"/>
        <line num="8" count="10" type="stmt"/>
        <line num="10" count="2" type="stmt"/>
        <line num="11" count="10" type="stmt"/>
        <line num="12" count="10" type="stmt"/>
        <line num="13" count="10" type="stmt"/>
        <line num="14" count="10" type="stmt"/>
        <line num="20" count="10" type="stmt"/>
        <line num="21" count="10" type="stmt"/>
        <line num="24" count="2" type="stmt"/>
        <line num="25" count="15" type="stmt"/>
        <line num="28" count="2" type="stmt"/>
        <line num="29" count="1" type="stmt"/>
        <line num="30" count="1" type="stmt"/>
        <line num="31" count="1" type="stmt"/>
        <line num="32" count="1" type="stmt"/>
        <line num="35" count="2" type="stmt"/>
        <line num="37" count="12" type="stmt"/>
        <line num="45" count="12" type="stmt"/>
        <line num="52" count="2" type="stmt"/>
        <line num="54" count="3" type="stmt"/>
        <line num="57" count="3" type="stmt"/>
        <line num="60" count="2" type="stmt"/>
      </file>
    </package>
  </project>
</coverage>
