{"E:\\TDD\\hoaxify-backend\\config\\database.js": {"path":"E:\\TDD\\hoaxify-backend\\config\\database.js","statementMap":{"0":{"start":{"line":1,"column":22},"end":{"line":1,"column":42}},"1":{"start":{"line":2,"column":15},"end":{"line":2,"column":32}},"2":{"start":{"line":4,"column":17},"end":{"line":4,"column":39}},"3":{"start":{"line":6,"column":18},"end":{"line":15,"column":1}},"4":{"start":{"line":17,"column":0},"end":{"line":17,"column":26}}},"fnMap":{},"branchMap":{},"s":{"0":2,"1":2,"2":2,"3":2,"4":2},"f":{},"b":{},"_coverageSchema":"1a1c01bbd47fc00a2c39e90264f33305004495a9","hash":"85b80b5fcc62547ef83135a28533df6da718b4a3"}
,"E:\\TDD\\hoaxify-backend\\config\\emailTransporter.js": {"path":"E:\\TDD\\hoaxify-backend\\config\\emailTransporter.js","statementMap":{"0":{"start":{"line":1,"column":19},"end":{"line":1,"column":40}},"1":{"start":{"line":3,"column":20},"end":{"line":9,"column":2}},"2":{"start":{"line":11,"column":0},"end":{"line":11,"column":32}}},"fnMap":{},"branchMap":{},"s":{"0":2,"1":2,"2":2},"f":{},"b":{},"_coverageSchema":"1a1c01bbd47fc00a2c39e90264f33305004495a9","hash":"00b46b32e2dd02cec25a6afbd183ebee96e69494"}
,"E:\\TDD\\hoaxify-backend\\src\\app.js": {"path":"E:\\TDD\\hoaxify-backend\\src\\app.js","statementMap":{"0":{"start":{"line":1,"column":16},"end":{"line":1,"column":34}},"1":{"start":{"line":2,"column":19},"end":{"line":2,"column":52}},"2":{"start":{"line":3,"column":16},"end":{"line":3,"column":34}},"3":{"start":{"line":4,"column":16},"end":{"line":4,"column":45}},"4":{"start":{"line":5,"column":19},"end":{"line":5,"column":53}},"5":{"start":{"line":7,"column":0},"end":{"line":18,"column":2}},"6":{"start":{"line":19,"column":12},"end":{"line":19,"column":21}},"7":{"start":{"line":20,"column":0},"end":{"line":20,"column":35}},"8":{"start":{"line":21,"column":0},"end":{"line":21,"column":23}},"9":{"start":{"line":23,"column":0},"end":{"line":23,"column":19}},"10":{"start":{"line":25,"column":0},"end":{"line":25,"column":20}}},"fnMap":{},"branchMap":{},"s":{"0":2,"1":2,"2":2,"3":2,"4":2,"5":2,"6":2,"7":2,"8":2,"9":2,"10":2},"f":{},"b":{},"_coverageSchema":"1a1c01bbd47fc00a2c39e90264f33305004495a9","hash":"765434312425119b046c5853953d2cc65fcd948f"}
,"E:\\TDD\\hoaxify-backend\\src\\email\\emailService.js": {"path":"E:\\TDD\\hoaxify-backend\\src\\email\\emailService.js","statementMap":{"0":{"start":{"line":1,"column":24},"end":{"line":1,"column":64}},"1":{"start":{"line":3,"column":35},"end":{"line":10,"column":1}},"2":{"start":{"line":4,"column":4},"end":{"line":9,"column":6}},"3":{"start":{"line":12,"column":0},"end":{"line":12,"column":47}}},"fnMap":{"0":{"name":"(anonymous_0)","decl":{"start":{"line":3,"column":35},"end":{"line":3,"column":36}},"loc":{"start":{"line":3,"column":59},"end":{"line":10,"column":1}},"line":3}},"branchMap":{},"s":{"0":2,"1":2,"2":10,"3":2},"f":{"0":10},"b":{},"_coverageSchema":"1a1c01bbd47fc00a2c39e90264f33305004495a9","hash":"8fb3bff4da433671a1b374a83f066ee6267de71f"}
,"E:\\TDD\\hoaxify-backend\\src\\middleware\\Paginator.js": {"path":"E:\\TDD\\hoaxify-backend\\src\\middleware\\Paginator.js","statementMap":{"0":{"start":{"line":1,"column":0},"end":{"line":13,"column":1}},"1":{"start":{"line":3,"column":29},"end":{"line":3,"column":53}},"2":{"start":{"line":4,"column":29},"end":{"line":4,"column":53}},"3":{"start":{"line":5,"column":21},"end":{"line":5,"column":56}},"4":{"start":{"line":6,"column":21},"end":{"line":8,"column":16}},"5":{"start":{"line":10,"column":8},"end":{"line":10,"column":39}},"6":{"start":{"line":11,"column":8},"end":{"line":11,"column":14}}},"fnMap":{"0":{"name":"(anonymous_0)","decl":{"start":{"line":2,"column":19},"end":{"line":2,"column":20}},"loc":{"start":{"line":2,"column":39},"end":{"line":12,"column":5}},"line":2}},"branchMap":{"0":{"loc":{"start":{"line":5,"column":21},"end":{"line":5,"column":56}},"type":"cond-expr","locations":[{"start":{"line":5,"column":40},"end":{"line":5,"column":52}},{"start":{"line":5,"column":55},"end":{"line":5,"column":56}}],"line":5},"1":{"loc":{"start":{"line":6,"column":21},"end":{"line":8,"column":16}},"type":"cond-expr","locations":[{"start":{"line":7,"column":14},"end":{"line":7,"column":26}},{"start":{"line":8,"column":14},"end":{"line":8,"column":16}}],"line":6},"2":{"loc":{"start":{"line":6,"column":22},"end":{"line":6,"column":59}},"type":"binary-expr","locations":[{"start":{"line":6,"column":22},"end":{"line":6,"column":38}},{"start":{"line":6,"column":42},"end":{"line":6,"column":59}}],"line":6}},"s":{"0":2,"1":12,"2":12,"3":12,"4":12,"5":12,"6":12},"f":{"0":12},"b":{"0":[1,11],"1":[1,11],"2":[12,2]},"_coverageSchema":"1a1c01bbd47fc00a2c39e90264f33305004495a9","hash":"5abb844680701a5b1cd1f8c6d02a7f0926e65a83"}
,"E:\\TDD\\hoaxify-backend\\src\\middleware\\Validator.js": {"path":"E:\\TDD\\hoaxify-backend\\src\\middleware\\Validator.js","statementMap":{"0":{"start":{"line":1,"column":17},"end":{"line":1,"column":45}},"1":{"start":{"line":2,"column":20},"end":{"line":2,"column":50}},"2":{"start":{"line":4,"column":0},"end":{"line":23,"column":1}},"3":{"start":{"line":14,"column":35},"end":{"line":14,"column":71}},"4":{"start":{"line":15,"column":16},"end":{"line":15,"column":62}},"5":{"start":{"line":15,"column":32},"end":{"line":15,"column":62}},"6":{"start":{"line":16,"column":16},"end":{"line":16,"column":27}}},"fnMap":{"0":{"name":"(anonymous_0)","decl":{"start":{"line":13,"column":20},"end":{"line":13,"column":21}},"loc":{"start":{"line":13,"column":35},"end":{"line":17,"column":13}},"line":13}},"branchMap":{"0":{"loc":{"start":{"line":15,"column":16},"end":{"line":15,"column":62}},"type":"if","locations":[{"start":{"line":15,"column":16},"end":{"line":15,"column":62}},{"start":{},"end":{}}],"line":15}},"s":{"0":2,"1":2,"2":2,"3":15,"4":15,"5":1,"6":14},"f":{"0":15},"b":{"0":[1,14]},"_coverageSchema":"1a1c01bbd47fc00a2c39e90264f33305004495a9","hash":"9970aa5f39bd16374fe26d1071465c019f22bfec"}
,"E:\\TDD\\hoaxify-backend\\src\\user\\User.js": {"path":"E:\\TDD\\hoaxify-backend\\src\\user\\User.js","statementMap":{"0":{"start":{"line":1,"column":33},"end":{"line":1,"column":53}},"1":{"start":{"line":2,"column":18},"end":{"line":2,"column":50}},"2":{"start":{"line":4,"column":14},"end":{"line":4,"column":29}},"3":{"start":{"line":7,"column":0},"end":{"line":17,"column":2}},"4":{"start":{"line":19,"column":0},"end":{"line":19,"column":21}}},"fnMap":{},"branchMap":{},"s":{"0":2,"1":2,"2":2,"3":2,"4":2},"f":{},"b":{},"_coverageSchema":"1a1c01bbd47fc00a2c39e90264f33305004495a9","hash":"67020db0245f760f651f219c92880ac0871859de"}
,"E:\\TDD\\hoaxify-backend\\src\\user\\UserRouter.js": {"path":"E:\\TDD\\hoaxify-backend\\src\\user\\UserRouter.js","statementMap":{"0":{"start":{"line":1,"column":16},"end":{"line":1,"column":34}},"1":{"start":{"line":2,"column":20},"end":{"line":2,"column":44}},"2":{"start":{"line":3,"column":29},"end":{"line":3,"column":57}},"3":{"start":{"line":5,"column":18},"end":{"line":5,"column":52}},"4":{"start":{"line":6,"column":18},"end":{"line":6,"column":52}},"5":{"start":{"line":7,"column":15},"end":{"line":7,"column":31}},"6":{"start":{"line":10,"column":0},"end":{"line":27,"column":6}},"7":{"start":{"line":13,"column":23},"end":{"line":13,"column":52}},"8":{"start":{"line":15,"column":8},"end":{"line":19,"column":9}},"9":{"start":{"line":16,"column":37},"end":{"line":16,"column":39}},"10":{"start":{"line":17,"column":12},"end":{"line":17,"column":84}},"11":{"start":{"line":17,"column":36},"end":{"line":17,"column":83}},"12":{"start":{"line":18,"column":12},"end":{"line":18,"column":61}},"13":{"start":{"line":21,"column":8},"end":{"line":26,"column":9}},"14":{"start":{"line":22,"column":12},"end":{"line":22,"column":44}},"15":{"start":{"line":23,"column":12},"end":{"line":23,"column":75}},"16":{"start":{"line":25,"column":12},"end":{"line":25,"column":41}},"17":{"start":{"line":29,"column":0},"end":{"line":33,"column":2}},"18":{"start":{"line":30,"column":18},"end":{"line":30,"column":34}},"19":{"start":{"line":31,"column":4},"end":{"line":31,"column":37}},"20":{"start":{"line":32,"column":4},"end":{"line":32,"column":14}},"21":{"start":{"line":35,"column":0},"end":{"line":39,"column":2}},"22":{"start":{"line":36,"column":27},"end":{"line":36,"column":41}},"23":{"start":{"line":37,"column":18},"end":{"line":37,"column":56}},"24":{"start":{"line":38,"column":4},"end":{"line":38,"column":38}},"25":{"start":{"line":41,"column":0},"end":{"line":48,"column":2}},"26":{"start":{"line":42,"column":23},"end":{"line":42,"column":33}},"27":{"start":{"line":43,"column":22},"end":{"line":43,"column":55}},"28":{"start":{"line":44,"column":4},"end":{"line":46,"column":5}},"29":{"start":{"line":45,"column":8},"end":{"line":45,"column":66}},"30":{"start":{"line":47,"column":4},"end":{"line":47,"column":42}},"31":{"start":{"line":50,"column":0},"end":{"line":50,"column":23}}},"fnMap":{"0":{"name":"(anonymous_0)","decl":{"start":{"line":12,"column":4},"end":{"line":12,"column":5}},"loc":{"start":{"line":12,"column":24},"end":{"line":27,"column":5}},"line":12},"1":{"name":"(anonymous_1)","decl":{"start":{"line":17,"column":27},"end":{"line":17,"column":28}},"loc":{"start":{"line":17,"column":36},"end":{"line":17,"column":83}},"line":17},"2":{"name":"(anonymous_2)","decl":{"start":{"line":29,"column":43},"end":{"line":29,"column":44}},"loc":{"start":{"line":29,"column":63},"end":{"line":33,"column":1}},"line":29},"3":{"name":"(anonymous_3)","decl":{"start":{"line":35,"column":54},"end":{"line":35,"column":55}},"loc":{"start":{"line":35,"column":74},"end":{"line":39,"column":1}},"line":35},"4":{"name":"(anonymous_4)","decl":{"start":{"line":41,"column":37},"end":{"line":41,"column":38}},"loc":{"start":{"line":41,"column":57},"end":{"line":48,"column":1}},"line":41}},"branchMap":{"0":{"loc":{"start":{"line":15,"column":8},"end":{"line":19,"column":9}},"type":"if","locations":[{"start":{"line":15,"column":8},"end":{"line":19,"column":9}},{"start":{},"end":{}}],"line":15},"1":{"loc":{"start":{"line":44,"column":4},"end":{"line":46,"column":5}},"type":"if","locations":[{"start":{"line":44,"column":4},"end":{"line":46,"column":5}},{"start":{},"end":{}}],"line":44}},"s":{"0":2,"1":2,"2":2,"3":2,"4":2,"5":2,"6":2,"7":17,"8":17,"9":7,"10":7,"11":9,"12":7,"13":10,"14":10,"15":9,"16":1,"17":2,"18":1,"19":1,"20":1,"21":2,"22":12,"23":12,"24":12,"25":2,"26":3,"27":3,"28":3,"29":2,"30":1,"31":2},"f":{"0":17,"1":9,"2":1,"3":12,"4":3},"b":{"0":[7,10],"1":[2,1]},"_coverageSchema":"1a1c01bbd47fc00a2c39e90264f33305004495a9","hash":"775665eefb9893007707d6604789c4bf2bbf02d8"}
,"E:\\TDD\\hoaxify-backend\\src\\user\\UserService.js": {"path":"E:\\TDD\\hoaxify-backend\\src\\user\\UserService.js","statementMap":{"0":{"start":{"line":1,"column":13},"end":{"line":1,"column":30}},"1":{"start":{"line":2,"column":17},"end":{"line":2,"column":36}},"2":{"start":{"line":3,"column":15},"end":{"line":3,"column":32}},"3":{"start":{"line":4,"column":21},"end":{"line":4,"column":53}},"4":{"start":{"line":7,"column":22},"end":{"line":9,"column":1}},"5":{"start":{"line":8,"column":4},"end":{"line":8,"column":74}},"6":{"start":{"line":10,"column":13},"end":{"line":22,"column":1}},"7":{"start":{"line":11,"column":42},"end":{"line":11,"column":46}},"8":{"start":{"line":12,"column":27},"end":{"line":12,"column":64}},"9":{"start":{"line":13,"column":28},"end":{"line":13,"column":45}},"10":{"start":{"line":14,"column":20},"end":{"line":19,"column":5}},"11":{"start":{"line":20,"column":4},"end":{"line":20,"column":30}},"12":{"start":{"line":21,"column":4},"end":{"line":21,"column":73}},"13":{"start":{"line":24,"column":20},"end":{"line":26,"column":1}},"14":{"start":{"line":25,"column":4},"end":{"line":25,"column":51}},"15":{"start":{"line":28,"column":17},"end":{"line":33,"column":1}},"16":{"start":{"line":29,"column":17},"end":{"line":29,"column":74}},"17":{"start":{"line":30,"column":4},"end":{"line":30,"column":25}},"18":{"start":{"line":31,"column":4},"end":{"line":31,"column":31}},"19":{"start":{"line":32,"column":4},"end":{"line":32,"column":21}},"20":{"start":{"line":35,"column":17},"end":{"line":51,"column":1}},"21":{"start":{"line":37,"column":18},"end":{"line":44,"column":6}},"22":{"start":{"line":45,"column":4},"end":{"line":50,"column":5}},"23":{"start":{"line":52,"column":16},"end":{"line":58,"column":1}},"24":{"start":{"line":54,"column":17},"end":{"line":56,"column":6}},"25":{"start":{"line":57,"column":4},"end":{"line":57,"column":15}},"26":{"start":{"line":60,"column":0},"end":{"line":62,"column":1}}},"fnMap":{"0":{"name":"(anonymous_0)","decl":{"start":{"line":7,"column":22},"end":{"line":7,"column":23}},"loc":{"start":{"line":7,"column":34},"end":{"line":9,"column":1}},"line":7},"1":{"name":"(anonymous_1)","decl":{"start":{"line":10,"column":13},"end":{"line":10,"column":14}},"loc":{"start":{"line":10,"column":29},"end":{"line":22,"column":1}},"line":10},"2":{"name":"(anonymous_2)","decl":{"start":{"line":24,"column":20},"end":{"line":24,"column":21}},"loc":{"start":{"line":24,"column":37},"end":{"line":26,"column":1}},"line":24},"3":{"name":"(anonymous_3)","decl":{"start":{"line":28,"column":17},"end":{"line":28,"column":18}},"loc":{"start":{"line":28,"column":34},"end":{"line":33,"column":1}},"line":28},"4":{"name":"(anonymous_4)","decl":{"start":{"line":35,"column":17},"end":{"line":35,"column":18}},"loc":{"start":{"line":35,"column":39},"end":{"line":51,"column":1}},"line":35},"5":{"name":"(anonymous_5)","decl":{"start":{"line":52,"column":16},"end":{"line":52,"column":17}},"loc":{"start":{"line":52,"column":34},"end":{"line":58,"column":1}},"line":52}},"branchMap":{},"s":{"0":2,"1":2,"2":2,"3":2,"4":2,"5":10,"6":2,"7":10,"8":10,"9":10,"10":10,"11":10,"12":10,"13":2,"14":15,"15":2,"16":1,"17":1,"18":1,"19":1,"20":2,"21":12,"22":12,"23":2,"24":3,"25":3,"26":2},"f":{"0":10,"1":10,"2":15,"3":1,"4":12,"5":3},"b":{},"_coverageSchema":"1a1c01bbd47fc00a2c39e90264f33305004495a9","hash":"ec581bf93a73bed3d5a0ccd303feed7f086ce32f"}
}
