TN:
SF:config\database.js
FNF:0
FNH:0
DA:1,2
DA:2,2
DA:4,2
DA:6,2
DA:17,2
LF:5
LH:5
BRF:0
BRH:0
end_of_record
TN:
SF:config\emailTransporter.js
FNF:0
FNH:0
DA:1,2
DA:3,2
DA:11,2
LF:3
LH:3
BRF:0
BRH:0
end_of_record
TN:
SF:src\app.js
FNF:0
FNH:0
DA:1,2
DA:2,2
DA:3,2
DA:4,2
DA:5,2
DA:7,2
DA:19,2
DA:20,2
DA:21,2
DA:23,2
DA:25,2
LF:11
LH:11
BRF:0
BRH:0
end_of_record
TN:
SF:src\email\emailService.js
FN:3,(anonymous_0)
FNF:1
FNH:1
FNDA:10,(anonymous_0)
DA:1,2
DA:3,2
DA:4,10
DA:12,2
LF:4
LH:4
BRF:0
BRH:0
end_of_record
TN:
SF:src\middleware\Paginator.js
FN:2,(anonymous_0)
FNF:1
FNH:1
FNDA:12,(anonymous_0)
DA:1,2
DA:3,12
DA:4,12
DA:5,12
DA:6,12
DA:10,12
DA:11,12
LF:7
LH:7
BRDA:5,0,0,1
BRDA:5,0,1,11
BRDA:6,1,0,1
BRDA:6,1,1,11
BRDA:6,2,0,12
BRDA:6,2,1,2
BRF:6
BRH:6
end_of_record
TN:
SF:src\middleware\Validator.js
FN:13,(anonymous_0)
FNF:1
FNH:1
FNDA:15,(anonymous_0)
DA:1,2
DA:2,2
DA:4,2
DA:14,15
DA:15,15
DA:16,14
LF:6
LH:6
BRDA:15,0,0,1
BRDA:15,0,1,14
BRF:2
BRH:2
end_of_record
TN:
SF:src\user\User.js
FNF:0
FNH:0
DA:1,2
DA:2,2
DA:4,2
DA:7,2
DA:19,2
LF:5
LH:5
BRF:0
BRH:0
end_of_record
TN:
SF:src\user\UserRouter.js
FN:12,(anonymous_0)
FN:17,(anonymous_1)
FN:29,(anonymous_2)
FN:35,(anonymous_3)
FN:41,(anonymous_4)
FNF:5
FNH:5
FNDA:17,(anonymous_0)
FNDA:9,(anonymous_1)
FNDA:1,(anonymous_2)
FNDA:12,(anonymous_3)
FNDA:3,(anonymous_4)
DA:1,2
DA:2,2
DA:3,2
DA:5,2
DA:6,2
DA:7,2
DA:10,2
DA:13,17
DA:15,17
DA:16,7
DA:17,9
DA:18,7
DA:21,10
DA:22,10
DA:23,9
DA:25,1
DA:29,2
DA:30,1
DA:31,1
DA:32,1
DA:35,2
DA:36,12
DA:37,12
DA:38,12
DA:41,2
DA:42,3
DA:43,3
DA:44,3
DA:45,2
DA:47,1
DA:50,2
LF:31
LH:31
BRDA:15,0,0,7
BRDA:15,0,1,10
BRDA:44,1,0,2
BRDA:44,1,1,1
BRF:4
BRH:4
end_of_record
TN:
SF:src\user\UserService.js
FN:7,(anonymous_0)
FN:10,(anonymous_1)
FN:24,(anonymous_2)
FN:28,(anonymous_3)
FN:35,(anonymous_4)
FN:52,(anonymous_5)
FNF:6
FNH:6
FNDA:10,(anonymous_0)
FNDA:10,(anonymous_1)
FNDA:15,(anonymous_2)
FNDA:1,(anonymous_3)
FNDA:12,(anonymous_4)
FNDA:3,(anonymous_5)
DA:1,2
DA:2,2
DA:3,2
DA:4,2
DA:7,2
DA:8,10
DA:10,2
DA:11,10
DA:12,10
DA:13,10
DA:14,10
DA:20,10
DA:21,10
DA:24,2
DA:25,15
DA:28,2
DA:29,1
DA:30,1
DA:31,1
DA:32,1
DA:35,2
DA:37,12
DA:45,12
DA:52,2
DA:54,3
DA:57,3
DA:60,2
LF:27
LH:27
BRF:0
BRH:0
end_of_record
